<?xml version="1.0" encoding="UTF-8"?>
<!-- Generated by org.testng.reporters.JUnitXMLReporter -->
<testsuite ignored="0" hostname="dellinspiron-5570" failures="0" tests="3" name="Default test" time="7.629" errors="0" timestamp="2024-06-24T21:39:01 NPT">
  <testcase classname="broadwayinfosys.Broadway" name="landingPage" time="4.003"/>
  <testcase classname="broadwayinfosys.Broadway" name="courseResults" time="1.359"/>
  <testcase classname="broadwayinfosys.Broadway" name="HoverTest" time="2.208"/>
</testsuite> <!-- Default test -->
