<?xml version="1.0" encoding="UTF-8"?>
<!-- Generated by org.testng.reporters.JUnitXMLReporter -->
<testsuite ignored="0" hostname="dellinspiron-5570" failures="0" tests="3" name="Test" time="7.608" errors="0" timestamp="2024-06-24T21:57:55 NPT">
  <testcase classname="broadwayinfosys.Broadway" name="landingPage" time="4.203"/>
  <testcase classname="broadwayinfosys.Broadway" name="courseResults" time="1.145"/>
  <testcase classname="broadwayinfosys.Broadway" name="HoverTest" time="2.194"/>
</testsuite> <!-- Test -->
